Removed Pin From Net: NetName=GND Pin=S-1
Removed Pin From Net: NetName=GND Pin=S-2
Removed Pin From Net: NetName=GND Pin=S-3
Removed Pin From Net: NetName=GND Pin=S-4
Removed Pin From Net: NetName=GND Pin=S-5
Removed Pin From Net: NetName=GND Pin=S-6
Removed Pin From Net: NetName=GND Pin=S-7
Removed Pin From Net: NetName=GND Pin=S-8
Removed Pin From Net: NetName=GD Pin=S-9
Removed Pin From Net: NetName=GC Pin=S-10
Removed Pin From Net: NetName=GB Pin=S-11
Removed Pin From Net: NetName=GA Pin=S-12
Added Pin To Net: NetName=GA Pin=S-1
Added Pin To Net: NetName=GB Pin=S-2
Added Pin To Net: NetName=GC Pin=S-3
Added Pin To Net: NetName=GD Pin=S-4
Added Pin To Net: NetName=GND Pin=S-9
Added Pin To Net: NetName=GND Pin=S-10
Added Pin To Net: NetName=GND Pin=S-11
Added Pin To Net: NetName=GND Pin=S-12
Added Pin To Net: NetName=GND Pin=S-13
Added Pin To Net: NetName=GND Pin=S-14
Added Pin To Net: NetName=GND Pin=S-15
Added Pin To Net: NetName=GND Pin=S-16
Added Room: Name=24√Îµπº∆ ±
